2025-08-07 09:09:53,497 - INFO - Native host started.
2025-08-07 09:09:53,498 - ERROR - yt-dlp.exe not found at C:\Users\admin\Downloads\Video-Downloader\yt-dlp.exe
2025-08-07 09:09:53,498 - INFO - Received message: {'url': 'https://www.youtube.com/watch?v=UAqwC5i-3L0'}
2025-08-07 09:09:53,498 - INFO - Executing command: C:\Users\admin\Downloads\Video-Downloader\yt-dlp.exe https://www.youtube.com/watch?v=UAqwC5i-3L0 -o C:\Users\admin/Downloads\%(title)s.%(ext)s
2025-08-07 09:09:53,499 - ERROR - FATAL: An unhandled exception occurred: [WinError 2] 系统找不到指定的文件。
2025-08-07 09:11:57,838 - INFO - Native host started.
2025-08-07 09:11:57,839 - INFO - Received message: {'url': 'https://www.youtube.com/watch?v=UAqwC5i-3L0'}
2025-08-07 09:11:57,839 - ERROR - FATAL: An unhandled exception occurred: name 'download_path' is not defined
2025-08-07 09:15:57,306 - INFO - Native host started.
2025-08-07 09:15:57,306 - INFO - Received message: {'url': 'https://www.youtube.com/watch?v=UAqwC5i-3L0'}
2025-08-07 09:15:57,306 - INFO - Executing command: yt-dlp.exe --proxy 127.0.0.1:21882 https://www.youtube.com/watch?v=UAqwC5i-3L0 -o C:\Users\admin/Downloads\%(title)s.%(ext)s
2025-08-07 09:15:57,491 - INFO - Subprocess started successfully.
2025-08-07 09:16:48,080 - INFO - Native host started.
2025-08-07 09:16:48,080 - INFO - Received message: {'url': 'https://x.com/home'}
2025-08-07 09:16:48,080 - INFO - Executing command: yt-dlp.exe --proxy 127.0.0.1:21882 https://x.com/home -o C:\Users\admin/Downloads\%(title)s.%(ext)s
2025-08-07 09:16:48,088 - INFO - Subprocess started successfully.
2025-08-07 09:19:42,893 - INFO - stdin closed, exiting.
2025-08-07 09:19:42,893 - INFO - stdin closed, exiting.
2025-08-07 09:19:57,962 - INFO - Native host started.
2025-08-07 09:19:57,962 - INFO - Received message: {'url': 'https://x.com/home'}
2025-08-07 09:19:57,962 - INFO - Executing command: yt-dlp.exe --proxy 127.0.0.1:21882 https://x.com/home -o C:\Users\admin/Downloads\%(title)s.%(ext)s
2025-08-07 09:19:57,969 - INFO - Subprocess started successfully.
2025-08-07 09:21:57,543 - INFO - stdin closed, exiting.
2025-08-07 09:22:14,240 - INFO - Native host started.
2025-08-07 09:22:14,240 - INFO - Received message: {'url': 'https://x.com/JenkEhzdpjo/status/1952567058950189448'}
2025-08-07 09:22:14,240 - INFO - Executing command: yt-dlp.exe --proxy 127.0.0.1:21882 https://x.com/JenkEhzdpjo/status/1952567058950189448 -o C:\Users\admin/Downloads\%(title)s.%(ext)s
2025-08-07 09:22:14,247 - INFO - Subprocess started successfully.
2025-08-07 09:25:47,017 - INFO - stdin closed, exiting.
2025-08-07 09:26:00,854 - INFO - Native host started.
2025-08-07 09:26:00,854 - INFO - Received message: {'url': 'https://cn.pornhub.com/view_video.php?viewkey=66def5209877e'}
2025-08-07 09:26:00,854 - INFO - Executing command: yt-dlp.exe --proxy 127.0.0.1:21882 https://cn.pornhub.com/view_video.php?viewkey=66def5209877e -o C:\Users\admin/Downloads\%(title)s.%(ext)s
2025-08-07 09:26:00,860 - INFO - Subprocess started successfully.
